<?xml version="1.0" encoding="UTF-8"?>
<coverage generated="1659462695354" clover="3.2.0">
  <project timestamp="1659462695354" name="All files">
    <metrics statements="12" coveredstatements="11" conditionals="4" coveredconditionals="4" methods="2" coveredmethods="1" elements="18" coveredelements="16" complexity="0" loc="12" ncloc="12" packages="1" files="1" classes="1"/>
    <file name="calculos.js" path="C:\Projetos\tti\tii2021\uc9\aula\220802\001-calculos\src\calculos.js">
      <metrics statements="12" coveredstatements="11" conditionals="4" coveredconditionals="4" methods="2" coveredmethods="1"/>
      <line num="1" count="1" type="stmt"/>
      <line num="2" count="5" type="cond" truecount="1" falsecount="0"/>
      <line num="3" count="5" type="cond" truecount="3" falsecount="0"/>
      <line num="4" count="4" type="stmt"/>
      <line num="5" count="4" type="stmt"/>
      <line num="6" count="1" type="stmt"/>
      <line num="7" count="0" type="stmt"/>
      <line num="8" count="1" type="stmt"/>
      <line num="9" count="1" type="stmt"/>
      <line num="10" count="1" type="stmt"/>
      <line num="11" count="1" type="stmt"/>
      <line num="12" count="1" type="stmt"/>
    </file>
  </project>
</coverage>
