{"C:\\Projetos\\tti\\tii2021\\uc9\\aula\\220802\\001-calculos\\src\\calculos.js": {"path":"C:\\Projetos\\tti\\tii2021\\uc9\\aula\\220802\\001-calculos\\src\\calculos.js","all":false,"statementMap":{"0":{"start":{"line":1,"column":0},"end":{"line":1,"column":0}},"1":{"start":{"line":2,"column":0},"end":{"line":2,"column":38}},"2":{"start":{"line":3,"column":0},"end":{"line":3,"column":41}},"3":{"start":{"line":4,"column":0},"end":{"line":4,"column":31}},"4":{"start":{"line":5,"column":0},"end":{"line":5,"column":1}},"5":{"start":{"line":6,"column":0},"end":{"line":6,"column":0}},"6":{"start":{"line":7,"column":0},"end":{"line":7,"column":39}},"7":{"start":{"line":8,"column":0},"end":{"line":8,"column":0}},"8":{"start":{"line":9,"column":0},"end":{"line":9,"column":18}},"9":{"start":{"line":10,"column":0},"end":{"line":10,"column":18}},"10":{"start":{"line":11,"column":0},"end":{"line":11,"column":17}},"11":{"start":{"line":12,"column":0},"end":{"line":12,"column":1}}},"s":{"0":1,"1":5,"2":5,"3":4,"4":4,"5":1,"6":0,"7":1,"8":1,"9":1,"10":1,"11":1},"branchMap":{"0":{"type":"branch","line":2,"loc":{"start":{"line":2,"column":0},"end":{"line":5,"column":1}},"locations":[{"start":{"line":2,"column":0},"end":{"line":5,"column":1}}]},"1":{"type":"branch","line":3,"loc":{"start":{"line":3,"column":8},"end":{"line":3,"column":32}},"locations":[{"start":{"line":3,"column":8},"end":{"line":3,"column":32}}]},"2":{"type":"branch","line":3,"loc":{"start":{"line":3,"column":32},"end":{"line":3,"column":39}},"locations":[{"start":{"line":3,"column":32},"end":{"line":3,"column":39}}]},"3":{"type":"branch","line":3,"loc":{"start":{"line":3,"column":32},"end":{"line":5,"column":1}},"locations":[{"start":{"line":3,"column":32},"end":{"line":5,"column":1}}]}},"b":{"0":[5],"1":[4],"2":[1],"3":[4]},"fnMap":{"0":{"name":"areaTriangulo","decl":{"start":{"line":2,"column":0},"end":{"line":5,"column":1}},"loc":{"start":{"line":2,"column":0},"end":{"line":5,"column":1}},"line":2},"1":{"name":"areaRetangulo","decl":{"start":{"line":7,"column":0},"end":{"line":7,"column":39}},"loc":{"start":{"line":7,"column":0},"end":{"line":7,"column":39}},"line":7}},"f":{"0":5,"1":0}}
}
