{"C:\\Projetos\\tti\\tii2021\\uc9\\001-teste-unit\\src\\imc.js": {"path":"C:\\Projetos\\tti\\tii2021\\uc9\\001-teste-unit\\src\\imc.js","all":false,"statementMap":{"0":{"start":{"line":1,"column":0},"end":{"line":1,"column":36}},"1":{"start":{"line":2,"column":0},"end":{"line":2,"column":30}},"2":{"start":{"line":3,"column":0},"end":{"line":3,"column":62}},"3":{"start":{"line":4,"column":0},"end":{"line":4,"column":1}}},"s":{"0":1,"1":4,"2":3,"3":3},"branchMap":{"0":{"type":"branch","line":1,"loc":{"start":{"line":1,"column":17},"end":{"line":4,"column":1}},"locations":[{"start":{"line":1,"column":17},"end":{"line":4,"column":1}}]},"1":{"type":"branch","line":2,"loc":{"start":{"line":2,"column":21},"end":{"line":2,"column":28}},"locations":[{"start":{"line":2,"column":21},"end":{"line":2,"column":28}}]},"2":{"type":"branch","line":2,"loc":{"start":{"line":2,"column":21},"end":{"line":4,"column":1}},"locations":[{"start":{"line":2,"column":21},"end":{"line":4,"column":1}}]}},"b":{"0":[4],"1":[1],"2":[3]},"fnMap":{"0":{"name":"Object.<anonymous>.module.exports","decl":{"start":{"line":1,"column":17},"end":{"line":4,"column":1}},"loc":{"start":{"line":1,"column":17},"end":{"line":4,"column":1}},"line":1}},"f":{"0":4}}
}
