{"C:\\Projetos\\tti\\tii2021\\uc9\\aula\\002-teste-unit-jest\\src\\index.js": {"path":"C:\\Projetos\\tti\\tii2021\\uc9\\aula\\002-teste-unit-jest\\src\\index.js","all":false,"statementMap":{"0":{"start":{"line":1,"column":0},"end":{"line":1,"column":0}},"1":{"start":{"line":2,"column":0},"end":{"line":2,"column":0}},"2":{"start":{"line":3,"column":0},"end":{"line":3,"column":46}},"3":{"start":{"line":4,"column":0},"end":{"line":4,"column":35}},"4":{"start":{"line":5,"column":0},"end":{"line":5,"column":33}},"5":{"start":{"line":6,"column":0},"end":{"line":6,"column":1}},"6":{"start":{"line":7,"column":0},"end":{"line":7,"column":0}},"7":{"start":{"line":8,"column":0},"end":{"line":8,"column":36}}},"s":{"0":1,"1":1,"2":1,"3":2,"4":2,"5":2,"6":1,"7":1},"branchMap":{"0":{"type":"branch","line":3,"loc":{"start":{"line":3,"column":24},"end":{"line":6,"column":1}},"locations":[{"start":{"line":3,"column":24},"end":{"line":6,"column":1}}]},"1":{"type":"branch","line":4,"loc":{"start":{"line":4,"column":26},"end":{"line":5,"column":16}},"locations":[{"start":{"line":4,"column":26},"end":{"line":5,"column":16}}]}},"b":{"0":[2],"1":[1]},"fnMap":{"0":{"name":"aplicarDesconto","decl":{"start":{"line":3,"column":24},"end":{"line":6,"column":1}},"loc":{"start":{"line":3,"column":24},"end":{"line":6,"column":1}},"line":3}},"f":{"0":2}}
}
